[debug] [2022-12-15T20:42:00.926Z] ----------------------------------------------------------------------
[debug] [2022-12-15T20:42:00.928Z] Command:       C:\Program Files\nodejs\node.exe C:\Users\carte\AppData\Roaming\npm\node_modules\firebase-tools\lib\bin\firebase.js deploy --only functions
[debug] [2022-12-15T20:42:00.928Z] CLI Version:   11.18.0
[debug] [2022-12-15T20:42:00.928Z] Platform:      win32
[debug] [2022-12-15T20:42:00.928Z] Node Version:  v16.14.2
[debug] [2022-12-15T20:42:00.929Z] Time:          Thu Dec 15 2022 12:42:00 GMT-0800 (Pacific Standard Time)
[debug] [2022-12-15T20:42:00.929Z] ----------------------------------------------------------------------
[debug] 
[debug] [2022-12-15T20:42:00.975Z] > command requires scopes: ["email","openid","https://www.googleapis.com/auth/cloudplatformprojects.readonly","https://www.googleapis.com/auth/firebase","https://www.googleapis.com/auth/cloud-platform"]
[debug] [2022-12-15T20:42:00.976Z] > authorizing via signed-in user (carterwilliamanderson@gmail.com)
[debug] [2022-12-15T20:42:00.976Z] [iam] checking project bhspairs for permissions ["cloudfunctions.functions.create","cloudfunctions.functions.delete","cloudfunctions.functions.get","cloudfunctions.functions.list","cloudfunctions.functions.update","cloudfunctions.operations.get","firebase.projects.get"]
[debug] [2022-12-15T20:42:00.977Z] >>> [apiv2][query] POST https://cloudresourcemanager.googleapis.com/v1/projects/bhspairs:testIamPermissions [none]
[debug] [2022-12-15T20:42:00.978Z] >>> [apiv2][(partial)header] POST https://cloudresourcemanager.googleapis.com/v1/projects/bhspairs:testIamPermissions x-goog-quota-user=projects/bhspairs
[debug] [2022-12-15T20:42:00.978Z] >>> [apiv2][body] POST https://cloudresourcemanager.googleapis.com/v1/projects/bhspairs:testIamPermissions {"permissions":["cloudfunctions.functions.create","cloudfunctions.functions.delete","cloudfunctions.functions.get","cloudfunctions.functions.list","cloudfunctions.functions.update","cloudfunctions.operations.get","firebase.projects.get"]}
[debug] [2022-12-15T20:42:01.116Z] <<< [apiv2][status] POST https://cloudresourcemanager.googleapis.com/v1/projects/bhspairs:testIamPermissions 200
[debug] [2022-12-15T20:42:01.116Z] <<< [apiv2][body] POST https://cloudresourcemanager.googleapis.com/v1/projects/bhspairs:testIamPermissions {"permissions":["cloudfunctions.functions.create","cloudfunctions.functions.delete","cloudfunctions.functions.get","cloudfunctions.functions.list","cloudfunctions.functions.update","cloudfunctions.operations.get","firebase.projects.get"]}
[debug] [2022-12-15T20:42:01.116Z] >>> [apiv2][query] POST https://iam.googleapis.com/v1/projects/bhspairs/serviceAccounts/bhspairs@appspot.gserviceaccount.com:testIamPermissions [none]
[debug] [2022-12-15T20:42:01.116Z] >>> [apiv2][body] POST https://iam.googleapis.com/v1/projects/bhspairs/serviceAccounts/bhspairs@appspot.gserviceaccount.com:testIamPermissions {"permissions":["iam.serviceAccounts.actAs"]}
[debug] [2022-12-15T20:42:01.229Z] <<< [apiv2][status] POST https://iam.googleapis.com/v1/projects/bhspairs/serviceAccounts/bhspairs@appspot.gserviceaccount.com:testIamPermissions 200
[debug] [2022-12-15T20:42:01.229Z] <<< [apiv2][body] POST https://iam.googleapis.com/v1/projects/bhspairs/serviceAccounts/bhspairs@appspot.gserviceaccount.com:testIamPermissions {"permissions":["iam.serviceAccounts.actAs"]}
[info] 
[info] === Deploying to 'bhspairs'...
[info] 
[info] i  deploying functions 
[info] Running command: npm --prefix "$RESOURCE_DIR" run lint
[info] +  functions: Finished running predeploy script. 
[debug] [2022-12-15T20:42:02.023Z] >>> [apiv2][query] GET https://firebase.googleapis.com/v1beta1/projects/bhspairs [none]
[debug] [2022-12-15T20:42:02.254Z] <<< [apiv2][status] GET https://firebase.googleapis.com/v1beta1/projects/bhspairs 200
[debug] [2022-12-15T20:42:02.254Z] <<< [apiv2][body] GET https://firebase.googleapis.com/v1beta1/projects/bhspairs {"projectId":"bhspairs","projectNumber":"853792589116","displayName":"bhspairs","name":"projects/bhspairs","resources":{"hostingSite":"bhspairs","realtimeDatabaseInstance":"bhspairs-default-rtdb","storageBucket":"bhspairs.appspot.com","locationId":"us-west1"},"state":"ACTIVE","etag":"1_7a627323-ce37-432f-87cb-e2bf7680174b"}
[info] i  functions: ensuring required API cloudfunctions.googleapis.com is enabled... 
[info] i  functions: ensuring required API cloudbuild.googleapis.com is enabled... 
[info] i  artifactregistry: ensuring required API artifactregistry.googleapis.com is enabled... 
[debug] [2022-12-15T20:42:02.256Z] >>> [apiv2][query] GET https://serviceusage.googleapis.com/v1/projects/bhspairs/services/cloudfunctions.googleapis.com [none]
[debug] [2022-12-15T20:42:02.256Z] >>> [apiv2][(partial)header] GET https://serviceusage.googleapis.com/v1/projects/bhspairs/services/cloudfunctions.googleapis.com x-goog-quota-user=projects/bhspairs
[debug] [2022-12-15T20:42:02.257Z] >>> [apiv2][query] GET https://serviceusage.googleapis.com/v1/projects/bhspairs/services/runtimeconfig.googleapis.com [none]
[debug] [2022-12-15T20:42:02.257Z] >>> [apiv2][(partial)header] GET https://serviceusage.googleapis.com/v1/projects/bhspairs/services/runtimeconfig.googleapis.com x-goog-quota-user=projects/bhspairs
[debug] [2022-12-15T20:42:02.257Z] >>> [apiv2][query] GET https://serviceusage.googleapis.com/v1/projects/bhspairs/services/cloudbuild.googleapis.com [none]
[debug] [2022-12-15T20:42:02.257Z] >>> [apiv2][(partial)header] GET https://serviceusage.googleapis.com/v1/projects/bhspairs/services/cloudbuild.googleapis.com x-goog-quota-user=projects/bhspairs
[debug] [2022-12-15T20:42:02.258Z] >>> [apiv2][query] GET https://serviceusage.googleapis.com/v1/projects/bhspairs/services/artifactregistry.googleapis.com [none]
[debug] [2022-12-15T20:42:02.258Z] >>> [apiv2][(partial)header] GET https://serviceusage.googleapis.com/v1/projects/bhspairs/services/artifactregistry.googleapis.com x-goog-quota-user=projects/bhspairs
[debug] [2022-12-15T20:42:02.570Z] <<< [apiv2][status] GET https://serviceusage.googleapis.com/v1/projects/bhspairs/services/artifactregistry.googleapis.com 200
[debug] [2022-12-15T20:42:02.571Z] <<< [apiv2][body] GET https://serviceusage.googleapis.com/v1/projects/bhspairs/services/artifactregistry.googleapis.com [omitted]
[info] +  artifactregistry: required API artifactregistry.googleapis.com is enabled 
[debug] [2022-12-15T20:42:02.571Z] <<< [apiv2][status] GET https://serviceusage.googleapis.com/v1/projects/bhspairs/services/runtimeconfig.googleapis.com 200
[debug] [2022-12-15T20:42:02.571Z] <<< [apiv2][body] GET https://serviceusage.googleapis.com/v1/projects/bhspairs/services/runtimeconfig.googleapis.com [omitted]
[debug] [2022-12-15T20:42:02.754Z] <<< [apiv2][status] GET https://serviceusage.googleapis.com/v1/projects/bhspairs/services/cloudfunctions.googleapis.com 200
[debug] [2022-12-15T20:42:02.754Z] <<< [apiv2][body] GET https://serviceusage.googleapis.com/v1/projects/bhspairs/services/cloudfunctions.googleapis.com [omitted]
[info] +  functions: required API cloudfunctions.googleapis.com is enabled 
[debug] [2022-12-15T20:42:02.787Z] <<< [apiv2][status] GET https://serviceusage.googleapis.com/v1/projects/bhspairs/services/cloudbuild.googleapis.com 200
[debug] [2022-12-15T20:42:02.787Z] <<< [apiv2][body] GET https://serviceusage.googleapis.com/v1/projects/bhspairs/services/cloudbuild.googleapis.com [omitted]
[info] +  functions: required API cloudbuild.googleapis.com is enabled 
[debug] [2022-12-15T20:42:02.788Z] >>> [apiv2][query] GET https://firebase.googleapis.com/v1beta1/projects/bhspairs/adminSdkConfig [none]
[debug] [2022-12-15T20:42:03.010Z] <<< [apiv2][status] GET https://firebase.googleapis.com/v1beta1/projects/bhspairs/adminSdkConfig 200
[debug] [2022-12-15T20:42:03.010Z] <<< [apiv2][body] GET https://firebase.googleapis.com/v1beta1/projects/bhspairs/adminSdkConfig {"projectId":"bhspairs","databaseURL":"https://bhspairs-default-rtdb.firebaseio.com","storageBucket":"bhspairs.appspot.com","locationId":"us-west1"}
[debug] [2022-12-15T20:42:03.011Z] >>> [apiv2][query] GET https://runtimeconfig.googleapis.com/v1beta1/projects/bhspairs/configs [none]
[debug] [2022-12-15T20:42:03.380Z] <<< [apiv2][status] GET https://runtimeconfig.googleapis.com/v1beta1/projects/bhspairs/configs 200
[debug] [2022-12-15T20:42:03.381Z] <<< [apiv2][body] GET https://runtimeconfig.googleapis.com/v1beta1/projects/bhspairs/configs {}
[info] i  functions: preparing codebase default for deployment 
[debug] [2022-12-15T20:42:03.382Z] Validating nodejs source
[warn] !  functions: package.json indicates an outdated version of firebase-functions. Please upgrade using npm install --save firebase-functions@latest in your functions directory. 
[warn] !  functions: Please note that there will be breaking changes when you upgrade. 
[debug] [2022-12-15T20:42:05.086Z] > [functions] package.json contents: {
  "name": "functions",
  "description": "Cloud Functions for Firebase",
  "scripts": {
    "lint": "",
    "serve": "firebase emulators:start --only functions",
    "shell": "firebase functions:shell",
    "start": "npm run shell",
    "deploy": "firebase deploy --only functions",
    "logs": "firebase functions:log"
  },
  "engines": {
    "node": "16"
  },
  "main": "index.js",
  "dependencies": {
    "firebase-admin": "^10.0.2",
    "firebase-functions": "^3.18.0"
  },
  "devDependencies": {
    "eslint": "^8.9.0",
    "eslint-config-google": "^0.14.0",
    "firebase-functions-test": "^0.2.0"
  },
  "private": true
}
[debug] [2022-12-15T20:42:05.086Z] Building nodejs source
[debug] [2022-12-15T20:42:05.087Z] Could not find functions.yaml. Must use http discovery
[debug] [2022-12-15T20:42:05.257Z] Serving at port 9005

[debug] [2022-12-15T20:42:05.382Z] Got response from /__/functions.yaml {"endpoints":{"getSchools":{"platform":"gcfv1","httpsTrigger":{},"entryPoint":"getSchools"}},"specVersion":"v1alpha1","requiredAPIs":[]}
[debug] [2022-12-15T20:42:05.386Z] shutdown requested via /__/quitquitquit

[info] i  functions: preparing functions directory for uploading... 
[info] i  functions: packaged C:\Users\carte\Documents\GitHub\sailing-pairs\functions (75.72 KB) for uploading 
[debug] [2022-12-15T20:42:05.429Z] >>> [apiv2][query] GET https://cloudfunctions.googleapis.com/v1/projects/bhspairs/locations/-/functions [none]
[debug] [2022-12-15T20:42:05.860Z] <<< [apiv2][status] GET https://cloudfunctions.googleapis.com/v1/projects/bhspairs/locations/-/functions 200
[debug] [2022-12-15T20:42:05.860Z] <<< [apiv2][body] GET https://cloudfunctions.googleapis.com/v1/projects/bhspairs/locations/-/functions {"functions":[{"name":"projects/bhspairs/locations/us-central1/functions/getSchools","httpsTrigger":{"url":"https://us-central1-bhspairs.cloudfunctions.net/getSchools","securityLevel":"SECURE_ALWAYS"},"status":"ACTIVE","entryPoint":"getSchools","timeout":"60s","availableMemoryMb":256,"serviceAccountEmail":"bhspairs@appspot.gserviceaccount.com","updateTime":"2022-12-15T20:22:51.127Z","versionId":"1","labels":{"deployment-tool":"cli-firebase","firebase-functions-hash":"64049e426692d3f42b58d14a2c18255533506511"},"sourceUploadUrl":"https://storage.googleapis.com/uploads-1055468113443.us-central1.cloudfunctions.appspot.com/3806110d-1e81-4e12-b494-c6ae48d8f341.zip","environmentVariables":{"FIREBASE_CONFIG":"{\"projectId\":\"bhspairs\",\"databaseURL\":\"https://bhspairs-default-rtdb.firebaseio.com\",\"storageBucket\":\"bhspairs.appspot.com\",\"locationId\":\"us-west1\"}","GCLOUD_PROJECT":"bhspairs","EVENTARC_CLOUD_EVENT_SOURCE":"projects/bhspairs/locations/us-central1/functions/getSchools"},"runtime":"nodejs16","ingressSettings":"ALLOW_ALL","buildId":"5a56d312-c3e9-44a3-80bf-a2fd7879be75","buildName":"projects/853792589116/locations/us-central1/builds/5a56d312-c3e9-44a3-80bf-a2fd7879be75","dockerRegistry":"ARTIFACT_REGISTRY"}]}
[debug] [2022-12-15T20:42:05.861Z] >>> [apiv2][query] GET https://cloudfunctions.googleapis.com/v2/projects/bhspairs/locations/-/functions filter=environment%3D%22GEN_2%22
[debug] [2022-12-15T20:42:06.532Z] <<< [apiv2][status] GET https://cloudfunctions.googleapis.com/v2/projects/bhspairs/locations/-/functions 200
[debug] [2022-12-15T20:42:06.532Z] <<< [apiv2][body] GET https://cloudfunctions.googleapis.com/v2/projects/bhspairs/locations/-/functions {}
[debug] [2022-12-15T20:42:06.536Z] >>> [apiv2][query] GET https://firebase.googleapis.com/v1beta1/projects/bhspairs [none]
[debug] [2022-12-15T20:42:06.731Z] <<< [apiv2][status] GET https://firebase.googleapis.com/v1beta1/projects/bhspairs 200
[debug] [2022-12-15T20:42:06.731Z] <<< [apiv2][body] GET https://firebase.googleapis.com/v1beta1/projects/bhspairs {"projectId":"bhspairs","projectNumber":"853792589116","displayName":"bhspairs","name":"projects/bhspairs","resources":{"hostingSite":"bhspairs","realtimeDatabaseInstance":"bhspairs-default-rtdb","storageBucket":"bhspairs.appspot.com","locationId":"us-west1"},"state":"ACTIVE","etag":"1_7a627323-ce37-432f-87cb-e2bf7680174b"}
[debug] [2022-12-15T20:42:06.732Z] >>> [apiv2][query] POST https://cloudfunctions.googleapis.com/v1/projects/bhspairs/locations/us-central1/functions:generateUploadUrl [none]
[debug] [2022-12-15T20:42:06.732Z] >>> [apiv2][body] POST https://cloudfunctions.googleapis.com/v1/projects/bhspairs/locations/us-central1/functions:generateUploadUrl {}
[debug] [2022-12-15T20:42:07.230Z] <<< [apiv2][status] POST https://cloudfunctions.googleapis.com/v1/projects/bhspairs/locations/us-central1/functions:generateUploadUrl 200
[debug] [2022-12-15T20:42:07.230Z] <<< [apiv2][body] POST https://cloudfunctions.googleapis.com/v1/projects/bhspairs/locations/us-central1/functions:generateUploadUrl {"uploadUrl":"https://storage.googleapis.com/uploads-1055468113443.us-central1.cloudfunctions.appspot.com/6cb94494-ac36-4c67-8cb6-14431a72ff0a.zip?GoogleAccessId=service-853792589116@gcf-admin-robot.iam.gserviceaccount.com&Expires=1671138725&Signature=kuo%2Bdj7faKmZspUhcX6E7AdVukw2BHOJsHx43hv0%2BfzlI5%2Fbc6mJBVzxl%2BYa6ybL2BB5Tb%2FTjAhKrTXBIv36SFub0MW%2B0WiAs2mWFDjgsiwf1GieAVgBbc%2FU3EPWNh2scd7MmTyD3wrAaM2V6Jr3o8k8WHHEXXdER8r%2BmA1cWt%2FUvmSoNSxVx84wdOsIPwgiOeQSXo4i2%2FQpuHzLzw1Dm1lq4wuDt3rf4dbTT4GVoj%2B%2FZSE3H6I2riBsPDJDBbWO7eMIIzrb9qalrjXF2thAiguBpP18vXwVLZdBrd6i%2B3rQu7vgzWxBfYXODAlERF0LhEXoZfO9%2BSOWKbyu4S7uaA%3D%3D"}
[debug] [2022-12-15T20:42:07.231Z] >>> [apiv2][query] PUT https://storage.googleapis.com/uploads-1055468113443.us-central1.cloudfunctions.appspot.com/6cb94494-ac36-4c67-8cb6-14431a72ff0a.zip GoogleAccessId=service-853792589116%40gcf-admin-robot.iam.gserviceaccount.com&Expires=1671138725&Signature=kuo%2Bdj7faKmZspUhcX6E7AdVukw2BHOJsHx43hv0%2BfzlI5%2Fbc6mJBVzxl%2BYa6ybL2BB5Tb%2FTjAhKrTXBIv36SFub0MW%2B0WiAs2mWFDjgsiwf1GieAVgBbc%2FU3EPWNh2scd7MmTyD3wrAaM2V6Jr3o8k8WHHEXXdER8r%2BmA1cWt%2FUvmSoNSxVx84wdOsIPwgiOeQSXo4i2%2FQpuHzLzw1Dm1lq4wuDt3rf4dbTT4GVoj%2B%2FZSE3H6I2riBsPDJDBbWO7eMIIzrb9qalrjXF2thAiguBpP18vXwVLZdBrd6i%2B3rQu7vgzWxBfYXODAlERF0LhEXoZfO9%2BSOWKbyu4S7uaA%3D%3D
[debug] [2022-12-15T20:42:07.231Z] >>> [apiv2][body] PUT https://storage.googleapis.com/uploads-1055468113443.us-central1.cloudfunctions.appspot.com/6cb94494-ac36-4c67-8cb6-14431a72ff0a.zip [stream]
[debug] [2022-12-15T20:42:07.539Z] <<< [apiv2][status] PUT https://storage.googleapis.com/uploads-1055468113443.us-central1.cloudfunctions.appspot.com/6cb94494-ac36-4c67-8cb6-14431a72ff0a.zip 200
[debug] [2022-12-15T20:42:07.539Z] <<< [apiv2][body] PUT https://storage.googleapis.com/uploads-1055468113443.us-central1.cloudfunctions.appspot.com/6cb94494-ac36-4c67-8cb6-14431a72ff0a.zip [omitted]
[info] +  functions: functions folder uploaded successfully 
[info] i  functions: updating Node.js 16 function getSchools(us-central1)... 
[debug] [2022-12-15T20:42:07.543Z] >>> [apiv2][query] PATCH https://cloudfunctions.googleapis.com/v1/projects/bhspairs/locations/us-central1/functions/getSchools updateMask=name%2CsourceUploadUrl%2CentryPoint%2Cruntime%2CdockerRegistry%2Clabels%2ChttpsTrigger.securityLevel%2CenvironmentVariables%2CavailableMemoryMb%2CsourceToken
[debug] [2022-12-15T20:42:07.543Z] >>> [apiv2][body] PATCH https://cloudfunctions.googleapis.com/v1/projects/bhspairs/locations/us-central1/functions/getSchools {"name":"projects/bhspairs/locations/us-central1/functions/getSchools","sourceUploadUrl":"https://storage.googleapis.com/uploads-1055468113443.us-central1.cloudfunctions.appspot.com/6cb94494-ac36-4c67-8cb6-14431a72ff0a.zip?GoogleAccessId=service-853792589116@gcf-admin-robot.iam.gserviceaccount.com&Expires=1671138725&Signature=kuo%2Bdj7faKmZspUhcX6E7AdVukw2BHOJsHx43hv0%2BfzlI5%2Fbc6mJBVzxl%2BYa6ybL2BB5Tb%2FTjAhKrTXBIv36SFub0MW%2B0WiAs2mWFDjgsiwf1GieAVgBbc%2FU3EPWNh2scd7MmTyD3wrAaM2V6Jr3o8k8WHHEXXdER8r%2BmA1cWt%2FUvmSoNSxVx84wdOsIPwgiOeQSXo4i2%2FQpuHzLzw1Dm1lq4wuDt3rf4dbTT4GVoj%2B%2FZSE3H6I2riBsPDJDBbWO7eMIIzrb9qalrjXF2thAiguBpP18vXwVLZdBrd6i%2B3rQu7vgzWxBfYXODAlERF0LhEXoZfO9%2BSOWKbyu4S7uaA%3D%3D","entryPoint":"getSchools","runtime":"nodejs16","dockerRegistry":"ARTIFACT_REGISTRY","labels":{"deployment-tool":"cli-firebase","firebase-functions-hash":"6aa66de00ee5d704723e37b3f53a3dd6e2d096e0"},"httpsTrigger":{"securityLevel":"SECURE_ALWAYS"},"environmentVariables":{"FIREBASE_CONFIG":"{\"projectId\":\"bhspairs\",\"databaseURL\":\"https://bhspairs-default-rtdb.firebaseio.com\",\"storageBucket\":\"bhspairs.appspot.com\",\"locationId\":\"us-west1\"}","GCLOUD_PROJECT":"bhspairs","EVENTARC_CLOUD_EVENT_SOURCE":"projects/bhspairs/locations/us-central1/functions/getSchools"},"availableMemoryMb":256}
[debug] [2022-12-15T20:42:08.269Z] <<< [apiv2][status] PATCH https://cloudfunctions.googleapis.com/v1/projects/bhspairs/locations/us-central1/functions/getSchools 200
[debug] [2022-12-15T20:42:08.269Z] <<< [apiv2][body] PATCH https://cloudfunctions.googleapis.com/v1/projects/bhspairs/locations/us-central1/functions/getSchools {"name":"operations/YmhzcGFpcnMvdXMtY2VudHJhbDEvZ2V0U2Nob29scy9HNkRkZjFEQ2szMA","metadata":{"@type":"type.googleapis.com/google.cloud.functions.v1.OperationMetadataV1","target":"projects/bhspairs/locations/us-central1/functions/getSchools","type":"UPDATE_FUNCTION","request":{"@type":"type.googleapis.com/google.cloud.functions.v1.CloudFunction","name":"projects/bhspairs/locations/us-central1/functions/getSchools","httpsTrigger":{"url":"https://us-central1-bhspairs.cloudfunctions.net/getSchools","securityLevel":"SECURE_ALWAYS"},"status":"ACTIVE","entryPoint":"getSchools","timeout":"60s","availableMemoryMb":256,"serviceAccountEmail":"bhspairs@appspot.gserviceaccount.com","updateTime":"2022-12-15T20:22:51.127Z","versionId":"1","labels":{"deployment-tool":"cli-firebase","firebase-functions-hash":"6aa66de00ee5d704723e37b3f53a3dd6e2d096e0"},"sourceUploadUrl":"https://storage.googleapis.com/uploads-1055468113443.us-central1.cloudfunctions.appspot.com/6cb94494-ac36-4c67-8cb6-14431a72ff0a.zip?GoogleAccessId=service-853792589116@gcf-admin-robot.iam.gserviceaccount.com&Expires=1671138725&Signature=kuo%2Bdj7faKmZspUhcX6E7AdVukw2BHOJsHx43hv0%2BfzlI5%2Fbc6mJBVzxl%2BYa6ybL2BB5Tb%2FTjAhKrTXBIv36SFub0MW%2B0WiAs2mWFDjgsiwf1GieAVgBbc%2FU3EPWNh2scd7MmTyD3wrAaM2V6Jr3o8k8WHHEXXdER8r%2BmA1cWt%2FUvmSoNSxVx84wdOsIPwgiOeQSXo4i2%2FQpuHzLzw1Dm1lq4wuDt3rf4dbTT4GVoj%2B%2FZSE3H6I2riBsPDJDBbWO7eMIIzrb9qalrjXF2thAiguBpP18vXwVLZdBrd6i%2B3rQu7vgzWxBfYXODAlERF0LhEXoZfO9%2BSOWKbyu4S7uaA%3D%3D","environmentVariables":{"FIREBASE_CONFIG":"{\"projectId\":\"bhspairs\",\"databaseURL\":\"https://bhspairs-default-rtdb.firebaseio.com\",\"storageBucket\":\"bhspairs.appspot.com\",\"locationId\":\"us-west1\"}","GCLOUD_PROJECT":"bhspairs","EVENTARC_CLOUD_EVENT_SOURCE":"projects/bhspairs/locations/us-central1/functions/getSchools"},"runtime":"nodejs16","ingressSettings":"ALLOW_ALL","buildId":"5a56d312-c3e9-44a3-80bf-a2fd7879be75","buildName":"projects/853792589116/locations/us-central1/builds/5a56d312-c3e9-44a3-80bf-a2fd7879be75","dockerRegistry":"ARTIFACT_REGISTRY"},"versionId":"2","updateTime":"2022-12-15T20:42:06Z"}}
[debug] [2022-12-15T20:42:08.270Z] >>> [apiv2][query] GET https://cloudfunctions.googleapis.com/v1/operations/YmhzcGFpcnMvdXMtY2VudHJhbDEvZ2V0U2Nob29scy9HNkRkZjFEQ2szMA [none]
[debug] [2022-12-15T20:42:08.503Z] <<< [apiv2][status] GET https://cloudfunctions.googleapis.com/v1/operations/YmhzcGFpcnMvdXMtY2VudHJhbDEvZ2V0U2Nob29scy9HNkRkZjFEQ2szMA 200
[debug] [2022-12-15T20:42:08.503Z] <<< [apiv2][body] GET https://cloudfunctions.googleapis.com/v1/operations/YmhzcGFpcnMvdXMtY2VudHJhbDEvZ2V0U2Nob29scy9HNkRkZjFEQ2szMA {"name":"operations/YmhzcGFpcnMvdXMtY2VudHJhbDEvZ2V0U2Nob29scy9HNkRkZjFEQ2szMA","metadata":{"@type":"type.googleapis.com/google.cloud.functions.v1.OperationMetadataV1","target":"projects/bhspairs/locations/us-central1/functions/getSchools","type":"UPDATE_FUNCTION","request":{"@type":"type.googleapis.com/google.cloud.functions.v1.CloudFunction","name":"projects/bhspairs/locations/us-central1/functions/getSchools","httpsTrigger":{"url":"https://us-central1-bhspairs.cloudfunctions.net/getSchools","securityLevel":"SECURE_ALWAYS"},"status":"ACTIVE","entryPoint":"getSchools","timeout":"60s","availableMemoryMb":256,"serviceAccountEmail":"bhspairs@appspot.gserviceaccount.com","updateTime":"2022-12-15T20:22:51.127Z","versionId":"1","labels":{"deployment-tool":"cli-firebase","firebase-functions-hash":"6aa66de00ee5d704723e37b3f53a3dd6e2d096e0"},"sourceUploadUrl":"https://storage.googleapis.com/uploads-1055468113443.us-central1.cloudfunctions.appspot.com/6cb94494-ac36-4c67-8cb6-14431a72ff0a.zip?GoogleAccessId=service-853792589116@gcf-admin-robot.iam.gserviceaccount.com&Expires=1671138725&Signature=kuo%2Bdj7faKmZspUhcX6E7AdVukw2BHOJsHx43hv0%2BfzlI5%2Fbc6mJBVzxl%2BYa6ybL2BB5Tb%2FTjAhKrTXBIv36SFub0MW%2B0WiAs2mWFDjgsiwf1GieAVgBbc%2FU3EPWNh2scd7MmTyD3wrAaM2V6Jr3o8k8WHHEXXdER8r%2BmA1cWt%2FUvmSoNSxVx84wdOsIPwgiOeQSXo4i2%2FQpuHzLzw1Dm1lq4wuDt3rf4dbTT4GVoj%2B%2FZSE3H6I2riBsPDJDBbWO7eMIIzrb9qalrjXF2thAiguBpP18vXwVLZdBrd6i%2B3rQu7vgzWxBfYXODAlERF0LhEXoZfO9%2BSOWKbyu4S7uaA%3D%3D","environmentVariables":{"FIREBASE_CONFIG":"{\"projectId\":\"bhspairs\",\"databaseURL\":\"https://bhspairs-default-rtdb.firebaseio.com\",\"storageBucket\":\"bhspairs.appspot.com\",\"locationId\":\"us-west1\"}","GCLOUD_PROJECT":"bhspairs","EVENTARC_CLOUD_EVENT_SOURCE":"projects/bhspairs/locations/us-central1/functions/getSchools"},"runtime":"nodejs16","ingressSettings":"ALLOW_ALL","buildId":"5a56d312-c3e9-44a3-80bf-a2fd7879be75","buildName":"projects/853792589116/locations/us-central1/builds/5a56d312-c3e9-44a3-80bf-a2fd7879be75","dockerRegistry":"ARTIFACT_REGISTRY"},"versionId":"2","updateTime":"2022-12-15T20:42:06Z"}}
[debug] [2022-12-15T20:42:09.009Z] [update-default-us-central1-getSchools] Retrying task index 0
[debug] [2022-12-15T20:42:09.009Z] >>> [apiv2][query] GET https://cloudfunctions.googleapis.com/v1/operations/YmhzcGFpcnMvdXMtY2VudHJhbDEvZ2V0U2Nob29scy9HNkRkZjFEQ2szMA [none]
[debug] [2022-12-15T20:42:09.201Z] <<< [apiv2][status] GET https://cloudfunctions.googleapis.com/v1/operations/YmhzcGFpcnMvdXMtY2VudHJhbDEvZ2V0U2Nob29scy9HNkRkZjFEQ2szMA 200
[debug] [2022-12-15T20:42:09.202Z] <<< [apiv2][body] GET https://cloudfunctions.googleapis.com/v1/operations/YmhzcGFpcnMvdXMtY2VudHJhbDEvZ2V0U2Nob29scy9HNkRkZjFEQ2szMA {"name":"operations/YmhzcGFpcnMvdXMtY2VudHJhbDEvZ2V0U2Nob29scy9HNkRkZjFEQ2szMA","metadata":{"@type":"type.googleapis.com/google.cloud.functions.v1.OperationMetadataV1","target":"projects/bhspairs/locations/us-central1/functions/getSchools","type":"UPDATE_FUNCTION","request":{"@type":"type.googleapis.com/google.cloud.functions.v1.CloudFunction","name":"projects/bhspairs/locations/us-central1/functions/getSchools","httpsTrigger":{"url":"https://us-central1-bhspairs.cloudfunctions.net/getSchools","securityLevel":"SECURE_ALWAYS"},"status":"ACTIVE","entryPoint":"getSchools","timeout":"60s","availableMemoryMb":256,"serviceAccountEmail":"bhspairs@appspot.gserviceaccount.com","updateTime":"2022-12-15T20:22:51.127Z","versionId":"1","labels":{"deployment-tool":"cli-firebase","firebase-functions-hash":"6aa66de00ee5d704723e37b3f53a3dd6e2d096e0"},"sourceUploadUrl":"https://storage.googleapis.com/uploads-1055468113443.us-central1.cloudfunctions.appspot.com/6cb94494-ac36-4c67-8cb6-14431a72ff0a.zip?GoogleAccessId=service-853792589116@gcf-admin-robot.iam.gserviceaccount.com&Expires=1671138725&Signature=kuo%2Bdj7faKmZspUhcX6E7AdVukw2BHOJsHx43hv0%2BfzlI5%2Fbc6mJBVzxl%2BYa6ybL2BB5Tb%2FTjAhKrTXBIv36SFub0MW%2B0WiAs2mWFDjgsiwf1GieAVgBbc%2FU3EPWNh2scd7MmTyD3wrAaM2V6Jr3o8k8WHHEXXdER8r%2BmA1cWt%2FUvmSoNSxVx84wdOsIPwgiOeQSXo4i2%2FQpuHzLzw1Dm1lq4wuDt3rf4dbTT4GVoj%2B%2FZSE3H6I2riBsPDJDBbWO7eMIIzrb9qalrjXF2thAiguBpP18vXwVLZdBrd6i%2B3rQu7vgzWxBfYXODAlERF0LhEXoZfO9%2BSOWKbyu4S7uaA%3D%3D","environmentVariables":{"FIREBASE_CONFIG":"{\"projectId\":\"bhspairs\",\"databaseURL\":\"https://bhspairs-default-rtdb.firebaseio.com\",\"storageBucket\":\"bhspairs.appspot.com\",\"locationId\":\"us-west1\"}","GCLOUD_PROJECT":"bhspairs","EVENTARC_CLOUD_EVENT_SOURCE":"projects/bhspairs/locations/us-central1/functions/getSchools"},"runtime":"nodejs16","ingressSettings":"ALLOW_ALL","buildId":"5a56d312-c3e9-44a3-80bf-a2fd7879be75","buildName":"projects/853792589116/locations/us-central1/builds/5a56d312-c3e9-44a3-80bf-a2fd7879be75","dockerRegistry":"ARTIFACT_REGISTRY"},"versionId":"2","updateTime":"2022-12-15T20:42:06Z"}}
[debug] [2022-12-15T20:42:10.213Z] [update-default-us-central1-getSchools] Retrying task index 0
[debug] [2022-12-15T20:42:10.214Z] >>> [apiv2][query] GET https://cloudfunctions.googleapis.com/v1/operations/YmhzcGFpcnMvdXMtY2VudHJhbDEvZ2V0U2Nob29scy9HNkRkZjFEQ2szMA [none]
[debug] [2022-12-15T20:42:10.656Z] <<< [apiv2][status] GET https://cloudfunctions.googleapis.com/v1/operations/YmhzcGFpcnMvdXMtY2VudHJhbDEvZ2V0U2Nob29scy9HNkRkZjFEQ2szMA 200
[debug] [2022-12-15T20:42:10.656Z] <<< [apiv2][body] GET https://cloudfunctions.googleapis.com/v1/operations/YmhzcGFpcnMvdXMtY2VudHJhbDEvZ2V0U2Nob29scy9HNkRkZjFEQ2szMA {"name":"operations/YmhzcGFpcnMvdXMtY2VudHJhbDEvZ2V0U2Nob29scy9HNkRkZjFEQ2szMA","metadata":{"@type":"type.googleapis.com/google.cloud.functions.v1.OperationMetadataV1","target":"projects/bhspairs/locations/us-central1/functions/getSchools","type":"UPDATE_FUNCTION","request":{"@type":"type.googleapis.com/google.cloud.functions.v1.CloudFunction","name":"projects/bhspairs/locations/us-central1/functions/getSchools","httpsTrigger":{"url":"https://us-central1-bhspairs.cloudfunctions.net/getSchools","securityLevel":"SECURE_ALWAYS"},"status":"ACTIVE","entryPoint":"getSchools","timeout":"60s","availableMemoryMb":256,"serviceAccountEmail":"bhspairs@appspot.gserviceaccount.com","updateTime":"2022-12-15T20:22:51.127Z","versionId":"1","labels":{"deployment-tool":"cli-firebase","firebase-functions-hash":"6aa66de00ee5d704723e37b3f53a3dd6e2d096e0"},"sourceUploadUrl":"https://storage.googleapis.com/uploads-1055468113443.us-central1.cloudfunctions.appspot.com/6cb94494-ac36-4c67-8cb6-14431a72ff0a.zip?GoogleAccessId=service-853792589116@gcf-admin-robot.iam.gserviceaccount.com&Expires=1671138725&Signature=kuo%2Bdj7faKmZspUhcX6E7AdVukw2BHOJsHx43hv0%2BfzlI5%2Fbc6mJBVzxl%2BYa6ybL2BB5Tb%2FTjAhKrTXBIv36SFub0MW%2B0WiAs2mWFDjgsiwf1GieAVgBbc%2FU3EPWNh2scd7MmTyD3wrAaM2V6Jr3o8k8WHHEXXdER8r%2BmA1cWt%2FUvmSoNSxVx84wdOsIPwgiOeQSXo4i2%2FQpuHzLzw1Dm1lq4wuDt3rf4dbTT4GVoj%2B%2FZSE3H6I2riBsPDJDBbWO7eMIIzrb9qalrjXF2thAiguBpP18vXwVLZdBrd6i%2B3rQu7vgzWxBfYXODAlERF0LhEXoZfO9%2BSOWKbyu4S7uaA%3D%3D","environmentVariables":{"FIREBASE_CONFIG":"{\"projectId\":\"bhspairs\",\"databaseURL\":\"https://bhspairs-default-rtdb.firebaseio.com\",\"storageBucket\":\"bhspairs.appspot.com\",\"locationId\":\"us-west1\"}","GCLOUD_PROJECT":"bhspairs","EVENTARC_CLOUD_EVENT_SOURCE":"projects/bhspairs/locations/us-central1/functions/getSchools"},"runtime":"nodejs16","ingressSettings":"ALLOW_ALL","buildId":"5a56d312-c3e9-44a3-80bf-a2fd7879be75","buildName":"projects/853792589116/locations/us-central1/builds/5a56d312-c3e9-44a3-80bf-a2fd7879be75","dockerRegistry":"ARTIFACT_REGISTRY"},"versionId":"2","updateTime":"2022-12-15T20:42:06Z","buildId":"0a4535ed-2c4a-4024-b465-823c69f1f414","buildName":"projects/853792589116/locations/us-central1/builds/0a4535ed-2c4a-4024-b465-823c69f1f414"}}
[debug] [2022-12-15T20:42:12.668Z] [update-default-us-central1-getSchools] Retrying task index 0
[debug] [2022-12-15T20:42:12.668Z] >>> [apiv2][query] GET https://cloudfunctions.googleapis.com/v1/operations/YmhzcGFpcnMvdXMtY2VudHJhbDEvZ2V0U2Nob29scy9HNkRkZjFEQ2szMA [none]
[debug] [2022-12-15T20:42:13.004Z] <<< [apiv2][status] GET https://cloudfunctions.googleapis.com/v1/operations/YmhzcGFpcnMvdXMtY2VudHJhbDEvZ2V0U2Nob29scy9HNkRkZjFEQ2szMA 200
[debug] [2022-12-15T20:42:13.004Z] <<< [apiv2][body] GET https://cloudfunctions.googleapis.com/v1/operations/YmhzcGFpcnMvdXMtY2VudHJhbDEvZ2V0U2Nob29scy9HNkRkZjFEQ2szMA {"name":"operations/YmhzcGFpcnMvdXMtY2VudHJhbDEvZ2V0U2Nob29scy9HNkRkZjFEQ2szMA","metadata":{"@type":"type.googleapis.com/google.cloud.functions.v1.OperationMetadataV1","target":"projects/bhspairs/locations/us-central1/functions/getSchools","type":"UPDATE_FUNCTION","request":{"@type":"type.googleapis.com/google.cloud.functions.v1.CloudFunction","name":"projects/bhspairs/locations/us-central1/functions/getSchools","httpsTrigger":{"url":"https://us-central1-bhspairs.cloudfunctions.net/getSchools","securityLevel":"SECURE_ALWAYS"},"status":"ACTIVE","entryPoint":"getSchools","timeout":"60s","availableMemoryMb":256,"serviceAccountEmail":"bhspairs@appspot.gserviceaccount.com","updateTime":"2022-12-15T20:22:51.127Z","versionId":"1","labels":{"deployment-tool":"cli-firebase","firebase-functions-hash":"6aa66de00ee5d704723e37b3f53a3dd6e2d096e0"},"sourceUploadUrl":"https://storage.googleapis.com/uploads-1055468113443.us-central1.cloudfunctions.appspot.com/6cb94494-ac36-4c67-8cb6-14431a72ff0a.zip?GoogleAccessId=service-853792589116@gcf-admin-robot.iam.gserviceaccount.com&Expires=1671138725&Signature=kuo%2Bdj7faKmZspUhcX6E7AdVukw2BHOJsHx43hv0%2BfzlI5%2Fbc6mJBVzxl%2BYa6ybL2BB5Tb%2FTjAhKrTXBIv36SFub0MW%2B0WiAs2mWFDjgsiwf1GieAVgBbc%2FU3EPWNh2scd7MmTyD3wrAaM2V6Jr3o8k8WHHEXXdER8r%2BmA1cWt%2FUvmSoNSxVx84wdOsIPwgiOeQSXo4i2%2FQpuHzLzw1Dm1lq4wuDt3rf4dbTT4GVoj%2B%2FZSE3H6I2riBsPDJDBbWO7eMIIzrb9qalrjXF2thAiguBpP18vXwVLZdBrd6i%2B3rQu7vgzWxBfYXODAlERF0LhEXoZfO9%2BSOWKbyu4S7uaA%3D%3D","environmentVariables":{"FIREBASE_CONFIG":"{\"projectId\":\"bhspairs\",\"databaseURL\":\"https://bhspairs-default-rtdb.firebaseio.com\",\"storageBucket\":\"bhspairs.appspot.com\",\"locationId\":\"us-west1\"}","GCLOUD_PROJECT":"bhspairs","EVENTARC_CLOUD_EVENT_SOURCE":"projects/bhspairs/locations/us-central1/functions/getSchools"},"runtime":"nodejs16","ingressSettings":"ALLOW_ALL","buildId":"5a56d312-c3e9-44a3-80bf-a2fd7879be75","buildName":"projects/853792589116/locations/us-central1/builds/5a56d312-c3e9-44a3-80bf-a2fd7879be75","dockerRegistry":"ARTIFACT_REGISTRY"},"versionId":"2","updateTime":"2022-12-15T20:42:06Z","buildId":"0a4535ed-2c4a-4024-b465-823c69f1f414","buildName":"projects/853792589116/locations/us-central1/builds/0a4535ed-2c4a-4024-b465-823c69f1f414"}}
[debug] [2022-12-15T20:42:17.014Z] [update-default-us-central1-getSchools] Retrying task index 0
[debug] [2022-12-15T20:42:17.014Z] >>> [apiv2][query] GET https://cloudfunctions.googleapis.com/v1/operations/YmhzcGFpcnMvdXMtY2VudHJhbDEvZ2V0U2Nob29scy9HNkRkZjFEQ2szMA [none]
[debug] [2022-12-15T20:42:17.225Z] <<< [apiv2][status] GET https://cloudfunctions.googleapis.com/v1/operations/YmhzcGFpcnMvdXMtY2VudHJhbDEvZ2V0U2Nob29scy9HNkRkZjFEQ2szMA 200
[debug] [2022-12-15T20:42:17.225Z] <<< [apiv2][body] GET https://cloudfunctions.googleapis.com/v1/operations/YmhzcGFpcnMvdXMtY2VudHJhbDEvZ2V0U2Nob29scy9HNkRkZjFEQ2szMA {"name":"operations/YmhzcGFpcnMvdXMtY2VudHJhbDEvZ2V0U2Nob29scy9HNkRkZjFEQ2szMA","metadata":{"@type":"type.googleapis.com/google.cloud.functions.v1.OperationMetadataV1","target":"projects/bhspairs/locations/us-central1/functions/getSchools","type":"UPDATE_FUNCTION","request":{"@type":"type.googleapis.com/google.cloud.functions.v1.CloudFunction","name":"projects/bhspairs/locations/us-central1/functions/getSchools","httpsTrigger":{"url":"https://us-central1-bhspairs.cloudfunctions.net/getSchools","securityLevel":"SECURE_ALWAYS"},"status":"ACTIVE","entryPoint":"getSchools","timeout":"60s","availableMemoryMb":256,"serviceAccountEmail":"bhspairs@appspot.gserviceaccount.com","updateTime":"2022-12-15T20:22:51.127Z","versionId":"1","labels":{"deployment-tool":"cli-firebase","firebase-functions-hash":"6aa66de00ee5d704723e37b3f53a3dd6e2d096e0"},"sourceUploadUrl":"https://storage.googleapis.com/uploads-1055468113443.us-central1.cloudfunctions.appspot.com/6cb94494-ac36-4c67-8cb6-14431a72ff0a.zip?GoogleAccessId=service-853792589116@gcf-admin-robot.iam.gserviceaccount.com&Expires=1671138725&Signature=kuo%2Bdj7faKmZspUhcX6E7AdVukw2BHOJsHx43hv0%2BfzlI5%2Fbc6mJBVzxl%2BYa6ybL2BB5Tb%2FTjAhKrTXBIv36SFub0MW%2B0WiAs2mWFDjgsiwf1GieAVgBbc%2FU3EPWNh2scd7MmTyD3wrAaM2V6Jr3o8k8WHHEXXdER8r%2BmA1cWt%2FUvmSoNSxVx84wdOsIPwgiOeQSXo4i2%2FQpuHzLzw1Dm1lq4wuDt3rf4dbTT4GVoj%2B%2FZSE3H6I2riBsPDJDBbWO7eMIIzrb9qalrjXF2thAiguBpP18vXwVLZdBrd6i%2B3rQu7vgzWxBfYXODAlERF0LhEXoZfO9%2BSOWKbyu4S7uaA%3D%3D","environmentVariables":{"FIREBASE_CONFIG":"{\"projectId\":\"bhspairs\",\"databaseURL\":\"https://bhspairs-default-rtdb.firebaseio.com\",\"storageBucket\":\"bhspairs.appspot.com\",\"locationId\":\"us-west1\"}","GCLOUD_PROJECT":"bhspairs","EVENTARC_CLOUD_EVENT_SOURCE":"projects/bhspairs/locations/us-central1/functions/getSchools"},"runtime":"nodejs16","ingressSettings":"ALLOW_ALL","buildId":"5a56d312-c3e9-44a3-80bf-a2fd7879be75","buildName":"projects/853792589116/locations/us-central1/builds/5a56d312-c3e9-44a3-80bf-a2fd7879be75","dockerRegistry":"ARTIFACT_REGISTRY"},"versionId":"2","updateTime":"2022-12-15T20:42:06Z","buildId":"0a4535ed-2c4a-4024-b465-823c69f1f414","buildName":"projects/853792589116/locations/us-central1/builds/0a4535ed-2c4a-4024-b465-823c69f1f414"}}
[debug] [2022-12-15T20:42:25.230Z] [update-default-us-central1-getSchools] Retrying task index 0
[debug] [2022-12-15T20:42:25.231Z] >>> [apiv2][query] GET https://cloudfunctions.googleapis.com/v1/operations/YmhzcGFpcnMvdXMtY2VudHJhbDEvZ2V0U2Nob29scy9HNkRkZjFEQ2szMA [none]
[debug] [2022-12-15T20:42:25.589Z] <<< [apiv2][status] GET https://cloudfunctions.googleapis.com/v1/operations/YmhzcGFpcnMvdXMtY2VudHJhbDEvZ2V0U2Nob29scy9HNkRkZjFEQ2szMA 200
[debug] [2022-12-15T20:42:25.589Z] <<< [apiv2][body] GET https://cloudfunctions.googleapis.com/v1/operations/YmhzcGFpcnMvdXMtY2VudHJhbDEvZ2V0U2Nob29scy9HNkRkZjFEQ2szMA {"name":"operations/YmhzcGFpcnMvdXMtY2VudHJhbDEvZ2V0U2Nob29scy9HNkRkZjFEQ2szMA","metadata":{"@type":"type.googleapis.com/google.cloud.functions.v1.OperationMetadataV1","target":"projects/bhspairs/locations/us-central1/functions/getSchools","type":"UPDATE_FUNCTION","request":{"@type":"type.googleapis.com/google.cloud.functions.v1.CloudFunction","name":"projects/bhspairs/locations/us-central1/functions/getSchools","httpsTrigger":{"url":"https://us-central1-bhspairs.cloudfunctions.net/getSchools","securityLevel":"SECURE_ALWAYS"},"status":"ACTIVE","entryPoint":"getSchools","timeout":"60s","availableMemoryMb":256,"serviceAccountEmail":"bhspairs@appspot.gserviceaccount.com","updateTime":"2022-12-15T20:22:51.127Z","versionId":"1","labels":{"deployment-tool":"cli-firebase","firebase-functions-hash":"6aa66de00ee5d704723e37b3f53a3dd6e2d096e0"},"sourceUploadUrl":"https://storage.googleapis.com/uploads-1055468113443.us-central1.cloudfunctions.appspot.com/6cb94494-ac36-4c67-8cb6-14431a72ff0a.zip?GoogleAccessId=service-853792589116@gcf-admin-robot.iam.gserviceaccount.com&Expires=1671138725&Signature=kuo%2Bdj7faKmZspUhcX6E7AdVukw2BHOJsHx43hv0%2BfzlI5%2Fbc6mJBVzxl%2BYa6ybL2BB5Tb%2FTjAhKrTXBIv36SFub0MW%2B0WiAs2mWFDjgsiwf1GieAVgBbc%2FU3EPWNh2scd7MmTyD3wrAaM2V6Jr3o8k8WHHEXXdER8r%2BmA1cWt%2FUvmSoNSxVx84wdOsIPwgiOeQSXo4i2%2FQpuHzLzw1Dm1lq4wuDt3rf4dbTT4GVoj%2B%2FZSE3H6I2riBsPDJDBbWO7eMIIzrb9qalrjXF2thAiguBpP18vXwVLZdBrd6i%2B3rQu7vgzWxBfYXODAlERF0LhEXoZfO9%2BSOWKbyu4S7uaA%3D%3D","environmentVariables":{"FIREBASE_CONFIG":"{\"projectId\":\"bhspairs\",\"databaseURL\":\"https://bhspairs-default-rtdb.firebaseio.com\",\"storageBucket\":\"bhspairs.appspot.com\",\"locationId\":\"us-west1\"}","GCLOUD_PROJECT":"bhspairs","EVENTARC_CLOUD_EVENT_SOURCE":"projects/bhspairs/locations/us-central1/functions/getSchools"},"runtime":"nodejs16","ingressSettings":"ALLOW_ALL","buildId":"5a56d312-c3e9-44a3-80bf-a2fd7879be75","buildName":"projects/853792589116/locations/us-central1/builds/5a56d312-c3e9-44a3-80bf-a2fd7879be75","dockerRegistry":"ARTIFACT_REGISTRY"},"versionId":"2","updateTime":"2022-12-15T20:42:06Z","buildId":"0a4535ed-2c4a-4024-b465-823c69f1f414","buildName":"projects/853792589116/locations/us-central1/builds/0a4535ed-2c4a-4024-b465-823c69f1f414"}}
[debug] [2022-12-15T20:42:35.603Z] [update-default-us-central1-getSchools] Retrying task index 0
[debug] [2022-12-15T20:42:35.603Z] >>> [apiv2][query] GET https://cloudfunctions.googleapis.com/v1/operations/YmhzcGFpcnMvdXMtY2VudHJhbDEvZ2V0U2Nob29scy9HNkRkZjFEQ2szMA [none]
[debug] [2022-12-15T20:42:35.945Z] <<< [apiv2][status] GET https://cloudfunctions.googleapis.com/v1/operations/YmhzcGFpcnMvdXMtY2VudHJhbDEvZ2V0U2Nob29scy9HNkRkZjFEQ2szMA 200
[debug] [2022-12-15T20:42:35.945Z] <<< [apiv2][body] GET https://cloudfunctions.googleapis.com/v1/operations/YmhzcGFpcnMvdXMtY2VudHJhbDEvZ2V0U2Nob29scy9HNkRkZjFEQ2szMA {"name":"operations/YmhzcGFpcnMvdXMtY2VudHJhbDEvZ2V0U2Nob29scy9HNkRkZjFEQ2szMA","metadata":{"@type":"type.googleapis.com/google.cloud.functions.v1.OperationMetadataV1","target":"projects/bhspairs/locations/us-central1/functions/getSchools","type":"UPDATE_FUNCTION","request":{"@type":"type.googleapis.com/google.cloud.functions.v1.CloudFunction","name":"projects/bhspairs/locations/us-central1/functions/getSchools","httpsTrigger":{"url":"https://us-central1-bhspairs.cloudfunctions.net/getSchools","securityLevel":"SECURE_ALWAYS"},"status":"ACTIVE","entryPoint":"getSchools","timeout":"60s","availableMemoryMb":256,"serviceAccountEmail":"bhspairs@appspot.gserviceaccount.com","updateTime":"2022-12-15T20:22:51.127Z","versionId":"1","labels":{"deployment-tool":"cli-firebase","firebase-functions-hash":"6aa66de00ee5d704723e37b3f53a3dd6e2d096e0"},"sourceUploadUrl":"https://storage.googleapis.com/uploads-1055468113443.us-central1.cloudfunctions.appspot.com/6cb94494-ac36-4c67-8cb6-14431a72ff0a.zip?GoogleAccessId=service-853792589116@gcf-admin-robot.iam.gserviceaccount.com&Expires=1671138725&Signature=kuo%2Bdj7faKmZspUhcX6E7AdVukw2BHOJsHx43hv0%2BfzlI5%2Fbc6mJBVzxl%2BYa6ybL2BB5Tb%2FTjAhKrTXBIv36SFub0MW%2B0WiAs2mWFDjgsiwf1GieAVgBbc%2FU3EPWNh2scd7MmTyD3wrAaM2V6Jr3o8k8WHHEXXdER8r%2BmA1cWt%2FUvmSoNSxVx84wdOsIPwgiOeQSXo4i2%2FQpuHzLzw1Dm1lq4wuDt3rf4dbTT4GVoj%2B%2FZSE3H6I2riBsPDJDBbWO7eMIIzrb9qalrjXF2thAiguBpP18vXwVLZdBrd6i%2B3rQu7vgzWxBfYXODAlERF0LhEXoZfO9%2BSOWKbyu4S7uaA%3D%3D","environmentVariables":{"FIREBASE_CONFIG":"{\"projectId\":\"bhspairs\",\"databaseURL\":\"https://bhspairs-default-rtdb.firebaseio.com\",\"storageBucket\":\"bhspairs.appspot.com\",\"locationId\":\"us-west1\"}","GCLOUD_PROJECT":"bhspairs","EVENTARC_CLOUD_EVENT_SOURCE":"projects/bhspairs/locations/us-central1/functions/getSchools"},"runtime":"nodejs16","ingressSettings":"ALLOW_ALL","buildId":"5a56d312-c3e9-44a3-80bf-a2fd7879be75","buildName":"projects/853792589116/locations/us-central1/builds/5a56d312-c3e9-44a3-80bf-a2fd7879be75","dockerRegistry":"ARTIFACT_REGISTRY"},"versionId":"2","updateTime":"2022-12-15T20:42:06Z","buildId":"0a4535ed-2c4a-4024-b465-823c69f1f414","buildName":"projects/853792589116/locations/us-central1/builds/0a4535ed-2c4a-4024-b465-823c69f1f414"}}
[debug] [2022-12-15T20:42:45.953Z] [update-default-us-central1-getSchools] Retrying task index 0
[debug] [2022-12-15T20:42:45.954Z] >>> [apiv2][query] GET https://cloudfunctions.googleapis.com/v1/operations/YmhzcGFpcnMvdXMtY2VudHJhbDEvZ2V0U2Nob29scy9HNkRkZjFEQ2szMA [none]
[debug] [2022-12-15T20:42:46.193Z] <<< [apiv2][status] GET https://cloudfunctions.googleapis.com/v1/operations/YmhzcGFpcnMvdXMtY2VudHJhbDEvZ2V0U2Nob29scy9HNkRkZjFEQ2szMA 200
[debug] [2022-12-15T20:42:46.193Z] <<< [apiv2][body] GET https://cloudfunctions.googleapis.com/v1/operations/YmhzcGFpcnMvdXMtY2VudHJhbDEvZ2V0U2Nob29scy9HNkRkZjFEQ2szMA {"name":"operations/YmhzcGFpcnMvdXMtY2VudHJhbDEvZ2V0U2Nob29scy9HNkRkZjFEQ2szMA","metadata":{"@type":"type.googleapis.com/google.cloud.functions.v1.OperationMetadataV1","target":"projects/bhspairs/locations/us-central1/functions/getSchools","type":"UPDATE_FUNCTION","request":{"@type":"type.googleapis.com/google.cloud.functions.v1.CloudFunction","name":"projects/bhspairs/locations/us-central1/functions/getSchools","httpsTrigger":{"url":"https://us-central1-bhspairs.cloudfunctions.net/getSchools","securityLevel":"SECURE_ALWAYS"},"status":"ACTIVE","entryPoint":"getSchools","timeout":"60s","availableMemoryMb":256,"serviceAccountEmail":"bhspairs@appspot.gserviceaccount.com","updateTime":"2022-12-15T20:22:51.127Z","versionId":"1","labels":{"deployment-tool":"cli-firebase","firebase-functions-hash":"6aa66de00ee5d704723e37b3f53a3dd6e2d096e0"},"sourceUploadUrl":"https://storage.googleapis.com/uploads-1055468113443.us-central1.cloudfunctions.appspot.com/6cb94494-ac36-4c67-8cb6-14431a72ff0a.zip?GoogleAccessId=service-853792589116@gcf-admin-robot.iam.gserviceaccount.com&Expires=1671138725&Signature=kuo%2Bdj7faKmZspUhcX6E7AdVukw2BHOJsHx43hv0%2BfzlI5%2Fbc6mJBVzxl%2BYa6ybL2BB5Tb%2FTjAhKrTXBIv36SFub0MW%2B0WiAs2mWFDjgsiwf1GieAVgBbc%2FU3EPWNh2scd7MmTyD3wrAaM2V6Jr3o8k8WHHEXXdER8r%2BmA1cWt%2FUvmSoNSxVx84wdOsIPwgiOeQSXo4i2%2FQpuHzLzw1Dm1lq4wuDt3rf4dbTT4GVoj%2B%2FZSE3H6I2riBsPDJDBbWO7eMIIzrb9qalrjXF2thAiguBpP18vXwVLZdBrd6i%2B3rQu7vgzWxBfYXODAlERF0LhEXoZfO9%2BSOWKbyu4S7uaA%3D%3D","environmentVariables":{"FIREBASE_CONFIG":"{\"projectId\":\"bhspairs\",\"databaseURL\":\"https://bhspairs-default-rtdb.firebaseio.com\",\"storageBucket\":\"bhspairs.appspot.com\",\"locationId\":\"us-west1\"}","GCLOUD_PROJECT":"bhspairs","EVENTARC_CLOUD_EVENT_SOURCE":"projects/bhspairs/locations/us-central1/functions/getSchools"},"runtime":"nodejs16","ingressSettings":"ALLOW_ALL","buildId":"5a56d312-c3e9-44a3-80bf-a2fd7879be75","buildName":"projects/853792589116/locations/us-central1/builds/5a56d312-c3e9-44a3-80bf-a2fd7879be75","dockerRegistry":"ARTIFACT_REGISTRY"},"versionId":"2","updateTime":"2022-12-15T20:42:06Z","buildId":"0a4535ed-2c4a-4024-b465-823c69f1f414","buildName":"projects/853792589116/locations/us-central1/builds/0a4535ed-2c4a-4024-b465-823c69f1f414"}}
[debug] [2022-12-15T20:42:56.197Z] [update-default-us-central1-getSchools] Retrying task index 0
[debug] [2022-12-15T20:42:56.197Z] >>> [apiv2][query] GET https://cloudfunctions.googleapis.com/v1/operations/YmhzcGFpcnMvdXMtY2VudHJhbDEvZ2V0U2Nob29scy9HNkRkZjFEQ2szMA [none]
[debug] [2022-12-15T20:42:56.414Z] <<< [apiv2][status] GET https://cloudfunctions.googleapis.com/v1/operations/YmhzcGFpcnMvdXMtY2VudHJhbDEvZ2V0U2Nob29scy9HNkRkZjFEQ2szMA 200
[debug] [2022-12-15T20:42:56.414Z] <<< [apiv2][body] GET https://cloudfunctions.googleapis.com/v1/operations/YmhzcGFpcnMvdXMtY2VudHJhbDEvZ2V0U2Nob29scy9HNkRkZjFEQ2szMA {"name":"operations/YmhzcGFpcnMvdXMtY2VudHJhbDEvZ2V0U2Nob29scy9HNkRkZjFEQ2szMA","metadata":{"@type":"type.googleapis.com/google.cloud.functions.v1.OperationMetadataV1","target":"projects/bhspairs/locations/us-central1/functions/getSchools","type":"UPDATE_FUNCTION","request":{"@type":"type.googleapis.com/google.cloud.functions.v1.CloudFunction","name":"projects/bhspairs/locations/us-central1/functions/getSchools","httpsTrigger":{"url":"https://us-central1-bhspairs.cloudfunctions.net/getSchools","securityLevel":"SECURE_ALWAYS"},"status":"ACTIVE","entryPoint":"getSchools","timeout":"60s","availableMemoryMb":256,"serviceAccountEmail":"bhspairs@appspot.gserviceaccount.com","updateTime":"2022-12-15T20:22:51.127Z","versionId":"1","labels":{"deployment-tool":"cli-firebase","firebase-functions-hash":"6aa66de00ee5d704723e37b3f53a3dd6e2d096e0"},"sourceUploadUrl":"https://storage.googleapis.com/uploads-1055468113443.us-central1.cloudfunctions.appspot.com/6cb94494-ac36-4c67-8cb6-14431a72ff0a.zip?GoogleAccessId=service-853792589116@gcf-admin-robot.iam.gserviceaccount.com&Expires=1671138725&Signature=kuo%2Bdj7faKmZspUhcX6E7AdVukw2BHOJsHx43hv0%2BfzlI5%2Fbc6mJBVzxl%2BYa6ybL2BB5Tb%2FTjAhKrTXBIv36SFub0MW%2B0WiAs2mWFDjgsiwf1GieAVgBbc%2FU3EPWNh2scd7MmTyD3wrAaM2V6Jr3o8k8WHHEXXdER8r%2BmA1cWt%2FUvmSoNSxVx84wdOsIPwgiOeQSXo4i2%2FQpuHzLzw1Dm1lq4wuDt3rf4dbTT4GVoj%2B%2FZSE3H6I2riBsPDJDBbWO7eMIIzrb9qalrjXF2thAiguBpP18vXwVLZdBrd6i%2B3rQu7vgzWxBfYXODAlERF0LhEXoZfO9%2BSOWKbyu4S7uaA%3D%3D","environmentVariables":{"FIREBASE_CONFIG":"{\"projectId\":\"bhspairs\",\"databaseURL\":\"https://bhspairs-default-rtdb.firebaseio.com\",\"storageBucket\":\"bhspairs.appspot.com\",\"locationId\":\"us-west1\"}","GCLOUD_PROJECT":"bhspairs","EVENTARC_CLOUD_EVENT_SOURCE":"projects/bhspairs/locations/us-central1/functions/getSchools"},"runtime":"nodejs16","ingressSettings":"ALLOW_ALL","buildId":"5a56d312-c3e9-44a3-80bf-a2fd7879be75","buildName":"projects/853792589116/locations/us-central1/builds/5a56d312-c3e9-44a3-80bf-a2fd7879be75","dockerRegistry":"ARTIFACT_REGISTRY"},"versionId":"2","updateTime":"2022-12-15T20:42:06Z","buildId":"0a4535ed-2c4a-4024-b465-823c69f1f414","sourceToken":"00820a00-eb53-4a53-9d33-9232978eb72d","buildName":"projects/853792589116/locations/us-central1/builds/0a4535ed-2c4a-4024-b465-823c69f1f414"}}
[debug] [2022-12-15T20:42:56.414Z] Got source token 00820a00-eb53-4a53-9d33-9232978eb72d for region us-central1
[debug] [2022-12-15T20:43:06.421Z] [update-default-us-central1-getSchools] Retrying task index 0
[debug] [2022-12-15T20:43:06.421Z] >>> [apiv2][query] GET https://cloudfunctions.googleapis.com/v1/operations/YmhzcGFpcnMvdXMtY2VudHJhbDEvZ2V0U2Nob29scy9HNkRkZjFEQ2szMA [none]
[debug] [2022-12-15T20:43:06.760Z] <<< [apiv2][status] GET https://cloudfunctions.googleapis.com/v1/operations/YmhzcGFpcnMvdXMtY2VudHJhbDEvZ2V0U2Nob29scy9HNkRkZjFEQ2szMA 200
[debug] [2022-12-15T20:43:06.760Z] <<< [apiv2][body] GET https://cloudfunctions.googleapis.com/v1/operations/YmhzcGFpcnMvdXMtY2VudHJhbDEvZ2V0U2Nob29scy9HNkRkZjFEQ2szMA {"name":"operations/YmhzcGFpcnMvdXMtY2VudHJhbDEvZ2V0U2Nob29scy9HNkRkZjFEQ2szMA","metadata":{"@type":"type.googleapis.com/google.cloud.functions.v1.OperationMetadataV1","target":"projects/bhspairs/locations/us-central1/functions/getSchools","type":"UPDATE_FUNCTION","request":{"@type":"type.googleapis.com/google.cloud.functions.v1.CloudFunction","name":"projects/bhspairs/locations/us-central1/functions/getSchools","httpsTrigger":{"url":"https://us-central1-bhspairs.cloudfunctions.net/getSchools","securityLevel":"SECURE_ALWAYS"},"status":"ACTIVE","entryPoint":"getSchools","timeout":"60s","availableMemoryMb":256,"serviceAccountEmail":"bhspairs@appspot.gserviceaccount.com","updateTime":"2022-12-15T20:22:51.127Z","versionId":"1","labels":{"deployment-tool":"cli-firebase","firebase-functions-hash":"6aa66de00ee5d704723e37b3f53a3dd6e2d096e0"},"sourceUploadUrl":"https://storage.googleapis.com/uploads-1055468113443.us-central1.cloudfunctions.appspot.com/6cb94494-ac36-4c67-8cb6-14431a72ff0a.zip?GoogleAccessId=service-853792589116@gcf-admin-robot.iam.gserviceaccount.com&Expires=1671138725&Signature=kuo%2Bdj7faKmZspUhcX6E7AdVukw2BHOJsHx43hv0%2BfzlI5%2Fbc6mJBVzxl%2BYa6ybL2BB5Tb%2FTjAhKrTXBIv36SFub0MW%2B0WiAs2mWFDjgsiwf1GieAVgBbc%2FU3EPWNh2scd7MmTyD3wrAaM2V6Jr3o8k8WHHEXXdER8r%2BmA1cWt%2FUvmSoNSxVx84wdOsIPwgiOeQSXo4i2%2FQpuHzLzw1Dm1lq4wuDt3rf4dbTT4GVoj%2B%2FZSE3H6I2riBsPDJDBbWO7eMIIzrb9qalrjXF2thAiguBpP18vXwVLZdBrd6i%2B3rQu7vgzWxBfYXODAlERF0LhEXoZfO9%2BSOWKbyu4S7uaA%3D%3D","environmentVariables":{"FIREBASE_CONFIG":"{\"projectId\":\"bhspairs\",\"databaseURL\":\"https://bhspairs-default-rtdb.firebaseio.com\",\"storageBucket\":\"bhspairs.appspot.com\",\"locationId\":\"us-west1\"}","GCLOUD_PROJECT":"bhspairs","EVENTARC_CLOUD_EVENT_SOURCE":"projects/bhspairs/locations/us-central1/functions/getSchools"},"runtime":"nodejs16","ingressSettings":"ALLOW_ALL","buildId":"5a56d312-c3e9-44a3-80bf-a2fd7879be75","buildName":"projects/853792589116/locations/us-central1/builds/5a56d312-c3e9-44a3-80bf-a2fd7879be75","dockerRegistry":"ARTIFACT_REGISTRY"},"versionId":"2","updateTime":"2022-12-15T20:43:00Z","buildId":"0a4535ed-2c4a-4024-b465-823c69f1f414","sourceToken":"00820a00-eb53-4a53-9d33-9232978eb72d","buildName":"projects/853792589116/locations/us-central1/builds/0a4535ed-2c4a-4024-b465-823c69f1f414"},"done":true,"error":{"code":3,"message":"Function failed on loading user code. This is likely due to a bug in the user code. Error message: Error: please examine your function logs to see the error cause: https://cloud.google.com/functions/docs/monitoring/logging#viewing_logs. Additional troubleshooting documentation can be found at https://cloud.google.com/functions/docs/troubleshooting#logging. Please visit https://cloud.google.com/functions/docs/troubleshooting for in-depth troubleshooting documentation."}}
[debug] [2022-12-15T20:43:06.760Z] Got source token 00820a00-eb53-4a53-9d33-9232978eb72d for region us-central1
[error] Function failed on loading user code. This is likely due to a bug in the user code. Error message: Error: please examine your function logs to see the error cause: https://cloud.google.com/functions/docs/monitoring/logging#viewing_logs. Additional troubleshooting documentation can be found at https://cloud.google.com/functions/docs/troubleshooting#logging. Please visit https://cloud.google.com/functions/docs/troubleshooting for in-depth troubleshooting documentation.
[debug] [2022-12-15T20:43:06.765Z] Total Function Deployment time: 59219
[debug] [2022-12-15T20:43:06.766Z] 1 Functions Deployed
[debug] [2022-12-15T20:43:06.766Z] 1 Functions Errored
[debug] [2022-12-15T20:43:06.766Z] 0 Function Deployments Aborted
[debug] [2022-12-15T20:43:06.766Z] Average Function Deployment time: 59219
[info] 
[info] Functions deploy had errors with the following functions:
	getSchools(us-central1)
[debug] [2022-12-15T20:43:06.847Z] Not printing URL for HTTPS function. Typically this means it didn't match a filter or we failed deployment
[info] i  functions: cleaning up build files... 
[debug] [2022-12-15T20:43:06.848Z] >>> [apiv2][query] DELETE https://artifactregistry.googleapis.com/v1beta2/projects/bhspairs/locations/us-central1/repositories/gcf-artifacts/packages/get_schools [none]
[debug] [2022-12-15T20:43:06.850Z] >>> [apiv2][query] GET https://us.gcr.io/v2/bhspairs/gcf/us-central1/tags/list [none]
[debug] [2022-12-15T20:43:07.039Z] <<< [apiv2][status] GET https://us.gcr.io/v2/bhspairs/gcf/us-central1/tags/list 200
[debug] [2022-12-15T20:43:07.039Z] <<< [apiv2][body] GET https://us.gcr.io/v2/bhspairs/gcf/us-central1/tags/list {"child":[],"manifest":{},"name":"bhspairs/gcf/us-central1","tags":[]}
[debug] [2022-12-15T20:43:07.039Z] Could not find image for function projects/bhspairs/locations/us-central1/functions/getSchools
[debug] [2022-12-15T20:43:07.239Z] <<< [apiv2][status] DELETE https://artifactregistry.googleapis.com/v1beta2/projects/bhspairs/locations/us-central1/repositories/gcf-artifacts/packages/get_schools 200
[debug] [2022-12-15T20:43:07.239Z] <<< [apiv2][body] DELETE https://artifactregistry.googleapis.com/v1beta2/projects/bhspairs/locations/us-central1/repositories/gcf-artifacts/packages/get_schools {"name":"projects/bhspairs/locations/us-central1/operations/0d75957c-da43-4654-a0e5-f992a0a97399","metadata":{"@type":"type.googleapis.com/google.devtools.artifactregistry.v1beta2.OperationMetadata"}}
[debug] [2022-12-15T20:43:07.240Z] >>> [apiv2][query] GET https://artifactregistry.googleapis.com/v1beta2/projects/bhspairs/locations/us-central1/operations/0d75957c-da43-4654-a0e5-f992a0a97399 [none]
[debug] [2022-12-15T20:43:07.588Z] <<< [apiv2][status] GET https://artifactregistry.googleapis.com/v1beta2/projects/bhspairs/locations/us-central1/operations/0d75957c-da43-4654-a0e5-f992a0a97399 200
[debug] [2022-12-15T20:43:07.588Z] <<< [apiv2][body] GET https://artifactregistry.googleapis.com/v1beta2/projects/bhspairs/locations/us-central1/operations/0d75957c-da43-4654-a0e5-f992a0a97399 {"name":"projects/bhspairs/locations/us-central1/operations/0d75957c-da43-4654-a0e5-f992a0a97399","metadata":{"@type":"type.googleapis.com/google.devtools.artifactregistry.v1beta2.OperationMetadata"},"done":true,"response":{"@type":"type.googleapis.com/google.protobuf.Empty"}}
[debug] [2022-12-15T20:43:07.588Z] Functions deploy failed.
[debug] [2022-12-15T20:43:07.588Z] {
  "endpoint": {
    "id": "getSchools",
    "project": "bhspairs",
    "region": "us-central1",
    "entryPoint": "getSchools",
    "platform": "gcfv1",
    "runtime": "nodejs16",
    "httpsTrigger": {},
    "environmentVariables": {
      "FIREBASE_CONFIG": "{\"projectId\":\"bhspairs\",\"databaseURL\":\"https://bhspairs-default-rtdb.firebaseio.com\",\"storageBucket\":\"bhspairs.appspot.com\",\"locationId\":\"us-west1\"}",
      "GCLOUD_PROJECT": "bhspairs",
      "EVENTARC_CLOUD_EVENT_SOURCE": "projects/bhspairs/locations/us-central1/functions/getSchools"
    },
    "codebase": "default",
    "availableMemoryMb": 256,
    "securityLevel": "SECURE_ALWAYS",
    "targetedByOnly": false,
    "hash": "6aa66de00ee5d704723e37b3f53a3dd6e2d096e0",
    "labels": {
      "deployment-tool": "cli-firebase"
    }
  },
  "op": "update",
  "original": {
    "name": "FirebaseError",
    "children": [],
    "exit": 1,
    "message": "Function failed on loading user code. This is likely due to a bug in the user code. Error message: Error: please examine your function logs to see the error cause: https://cloud.google.com/functions/docs/monitoring/logging#viewing_logs. Additional troubleshooting documentation can be found at https://cloud.google.com/functions/docs/troubleshooting#logging. Please visit https://cloud.google.com/functions/docs/troubleshooting for in-depth troubleshooting documentation.",
    "status": 3
  }
}
[debug] [2022-12-15T20:43:07.670Z] Error: Failed to update function getSchools in region us-central1
    at C:\Users\carte\AppData\Roaming\npm\node_modules\firebase-tools\lib\deploy\functions\release\fabricator.js:41:11
    at processTicksAndRejections (node:internal/process/task_queues:96:5)
    at async Fabricator.updateV1Function (C:\Users\carte\AppData\Roaming\npm\node_modules\firebase-tools\lib\deploy\functions\release\fabricator.js:304:32)
    at async Fabricator.updateEndpoint (C:\Users\carte\AppData\Roaming\npm\node_modules\firebase-tools\lib\deploy\functions\release\fabricator.js:140:13)
    at async handle (C:\Users\carte\AppData\Roaming\npm\node_modules\firebase-tools\lib\deploy\functions\release\fabricator.js:78:17)
[error] 
[error] Error: There was an error deploying functions
